<component name="libraryTable">
  <library name="junit-4.11">
    <CLASSES>
      <root url="jar://$USER_HOME$/.gradle/wrapper/dists/gradle-1.6-bin/72srdo3a5eb3bic159kar72vok/gradle-1.6/lib/plugins/junit-4.11.jar!/" />
    </CLASSES>
    <JAVADOC />
    <SOURCES />
  </library>
</component>